<?xml version="1.0" encoding="UTF-8"?>
<!-- Generated by org.testng.reporters.JUnitXMLReporter -->
<testsuite ignored="0" hostname="DESKTOP-PHQOQUT" failures="0" tests="3" name="Default test" time="0.107" errors="0" timestamp="2024-03-15T10:10:08 IST">
  <testcase classname="ePack.BasicTest" name="Testlogin" time="0.009"/>
  <testcase classname="ePack.BasicTest" name="Testlogin" time="0.01"/>
  <testcase classname="ePack.BasicTest" name="Testlogin" time="0.002"/>
</testsuite> <!-- Default test -->
