<?xml version="1.0" encoding="UTF-8"?>
<!-- Generated by org.testng.reporters.JUnitXMLReporter -->
<testsuite ignored="0" hostname="DESKTOP-PHQOQUT" failures="0" tests="4" name="Test" time="33.738" errors="0" timestamp="2024-03-16T13:45:26 IST">
  <testcase classname="tests.TestTwo" name="testTwo" time="7.846"/>
  <testcase classname="tests.ThreeTest" name="testThree" time="5.493"/>
  <testcase classname="tests.LoginTest" name="Login" time="1.497"/>
  <testcase classname="tests.LoginTest" name="Login" time="11.123"/>
</testsuite> <!-- Test -->
