<?xml version="1.0" encoding="UTF-8"?>
<!-- Generated by org.testng.reporters.JUnitXMLReporter -->
<testsuite ignored="0" hostname="DESKTOP-PHQOQUT" failures="0" tests="4" name="Test" time="30.038" errors="0" timestamp="2024-03-16T13:53:20 IST">
  <testcase classname="tests.TestTwo" name="testTwo" time="5.895"/>
  <testcase classname="tests.ThreeTest" name="testThree" time="5.182"/>
  <testcase classname="tests.LoginTest" name="Login" time="1.457"/>
  <testcase classname="tests.LoginTest" name="Login" time="11.2"/>
</testsuite> <!-- Test -->
