<?xml version="1.0" encoding="UTF-8"?>
<testng-results ignored="0" total="4" passed="4" failed="0" skipped="0">
  <reporter-output>
  </reporter-output>
  <suite started-at="2024-03-16T13:52:50 IST" name="Suite" finished-at="2024-03-16T13:53:20 IST" duration-ms="30038">
    <groups>
    </groups>
    <test started-at="2024-03-16T13:52:50 IST" name="Test" finished-at="2024-03-16T13:53:20 IST" duration-ms="30038">
      <class name="tests.LoginTest">
        <test-method is-config="true" signature="Openapp()[pri:0, instance:tests.LoginTest@27ce24aa]" started-at="2024-03-16T13:53:02 IST" name="Openapp" finished-at="2024-03-16T13:53:04 IST" duration-ms="2440" status="PASS">
          <reporter-output>
          </reporter-output>
        </test-method> <!-- Openapp -->
        <test-method signature="Login(java.lang.String,java.lang.String,java.lang.String)[pri:0, instance:tests.LoginTest@27ce24aa]" started-at="2024-03-16T13:53:04 IST" name="Login" data-provider="getloginData" finished-at="2024-03-16T13:53:06 IST" duration-ms="1457" status="PASS">
          <params>
            <param index="0">
              <value>
                <![CDATA[raamreddy100@gmail.com]]>
              </value>
            </param>
            <param index="1">
              <value>
                <![CDATA[raamreddy12@]]>
              </value>
            </param>
            <param index="2">
              <value>
                <![CDATA[success]]>
              </value>
            </param>
          </params>
          <reporter-output>
          </reporter-output>
        </test-method> <!-- Login -->
        <test-method is-config="true" signature="tearDown()[pri:0, instance:tests.LoginTest@27ce24aa]" started-at="2024-03-16T13:53:06 IST" name="tearDown" finished-at="2024-03-16T13:53:06 IST" duration-ms="315" status="PASS">
          <reporter-output>
          </reporter-output>
        </test-method> <!-- tearDown -->
        <test-method is-config="true" signature="Openapp()[pri:0, instance:tests.LoginTest@27ce24aa]" started-at="2024-03-16T13:53:06 IST" name="Openapp" finished-at="2024-03-16T13:53:08 IST" duration-ms="2313" status="PASS">
          <reporter-output>
          </reporter-output>
        </test-method> <!-- Openapp -->
        <test-method signature="Login(java.lang.String,java.lang.String,java.lang.String)[pri:0, instance:tests.LoginTest@27ce24aa]" started-at="2024-03-16T13:53:08 IST" name="Login" data-provider="getloginData" finished-at="2024-03-16T13:53:20 IST" duration-ms="11200" status="PASS">
          <params>
            <param index="0">
              <value>
                <![CDATA[damoddarr12@gmail.com]]>
              </value>
            </param>
            <param index="1">
              <value>
                <![CDATA[damodarr12@]]>
              </value>
            </param>
            <param index="2">
              <value>
                <![CDATA[failure]]>
              </value>
            </param>
          </params>
          <reporter-output>
          </reporter-output>
        </test-method> <!-- Login -->
        <test-method is-config="true" signature="tearDown()[pri:0, instance:tests.LoginTest@27ce24aa]" started-at="2024-03-16T13:53:20 IST" name="tearDown" finished-at="2024-03-16T13:53:20 IST" duration-ms="241" status="PASS">
          <reporter-output>
          </reporter-output>
        </test-method> <!-- tearDown -->
      </class> <!-- tests.LoginTest -->
      <class name="tests.TestTwo">
        <test-method signature="testTwo()[pri:0, instance:tests.TestTwo@3911c2a7]" started-at="2024-03-16T13:52:50 IST" name="testTwo" finished-at="2024-03-16T13:52:56 IST" duration-ms="5895" status="PASS">
          <reporter-output>
          </reporter-output>
        </test-method> <!-- testTwo -->
      </class> <!-- tests.TestTwo -->
      <class name="tests.ThreeTest">
        <test-method signature="testThree()[pri:0, instance:tests.ThreeTest@72f926e6]" started-at="2024-03-16T13:52:56 IST" name="testThree" finished-at="2024-03-16T13:53:01 IST" duration-ms="5182" status="PASS">
          <reporter-output>
          </reporter-output>
        </test-method> <!-- testThree -->
      </class> <!-- tests.ThreeTest -->
    </test> <!-- Test -->
  </suite> <!-- Suite -->
</testng-results>
